Sat, 30 May 2020 19:01:22-common.mainModule-TestSearch.py-[line:42]-INFO-[日志信息]: 配置初始化
Sat, 30 May 2020 19:01:22-common.mainModule-TestSearch.py-[line:44]-INFO-[日志信息]: 开始运行代码
Sat, 30 May 2020 19:01:28-common.mainModule-conftest.py-[line:26]-INFO-[日志信息]: 打开的网址是：https://www.baidu.com
Sat, 30 May 2020 19:01:28-common.mainModule-conftest.py-[line:27]-INFO-[日志信息]: 初始化driver
Sat, 30 May 2020 19:01:29-common.mainModule-BasePage.py-[line:64]-INFO-[日志信息]: 等待元素：id,kw
Sat, 30 May 2020 19:01:29-common.mainModule-BasePage.py-[line:91]-INFO-[日志信息]: 获取元素：id,kw
Sat, 30 May 2020 19:01:29-common.mainModule-BasePage.py-[line:127]-INFO-[日志信息]: 向元素 id,kw 输入文字：温一壶清酒 博客园
Sat, 30 May 2020 19:01:29-common.mainModule-BasePage.py-[line:64]-INFO-[日志信息]: 等待元素：id,su
Sat, 30 May 2020 19:01:29-common.mainModule-BasePage.py-[line:91]-INFO-[日志信息]: 获取元素：id,su
Sat, 30 May 2020 19:01:29-common.mainModule-BasePage.py-[line:201]-INFO-[日志信息]: 点击元素：id,su
Sat, 30 May 2020 19:01:31-common.mainModule-BasePage.py-[line:364]-INFO-[日志信息]: 等待2秒
Sat, 30 May 2020 19:01:31-common.mainModule-BasePage.py-[line:206]-INFO-[日志信息]: 当前页面的title:温一壶清酒 博客园_百度搜索
Sat, 30 May 2020 19:01:31-common.mainModule-BasePage.py-[line:206]-INFO-[日志信息]: 当前页面的title:温一壶清酒 博客园_百度搜索
Sat, 30 May 2020 19:01:31-common.mainModule-TestSearch.py-[line:29]-INFO-[日志信息]: 温一壶清酒 博客园_百度搜索
Sat, 30 May 2020 19:01:34-common.mainModule-conftest.py-[line:31]-INFO-[日志信息]: 关闭浏览器
Sat, 30 May 2020 19:01:40-common.mainModule-conftest.py-[line:26]-INFO-[日志信息]: 打开的网址是：https://www.baidu.com
Sat, 30 May 2020 19:01:40-common.mainModule-conftest.py-[line:27]-INFO-[日志信息]: 初始化driver
Sat, 30 May 2020 19:01:40-common.mainModule-BasePage.py-[line:64]-INFO-[日志信息]: 等待元素：id,kw
Sat, 30 May 2020 19:01:40-common.mainModule-BasePage.py-[line:91]-INFO-[日志信息]: 获取元素：id,kw
Sat, 30 May 2020 19:01:40-common.mainModule-BasePage.py-[line:127]-INFO-[日志信息]: 向元素 id,kw 输入文字：温一壶清酒
Sat, 30 May 2020 19:01:40-common.mainModule-BasePage.py-[line:64]-INFO-[日志信息]: 等待元素：id,su
Sat, 30 May 2020 19:01:40-common.mainModule-BasePage.py-[line:91]-INFO-[日志信息]: 获取元素：id,su
Sat, 30 May 2020 19:01:40-common.mainModule-BasePage.py-[line:201]-INFO-[日志信息]: 点击元素：id,su
Sat, 30 May 2020 19:01:42-common.mainModule-BasePage.py-[line:364]-INFO-[日志信息]: 等待2秒
Sat, 30 May 2020 19:01:42-common.mainModule-BasePage.py-[line:206]-INFO-[日志信息]: 当前页面的title:温一壶清酒_百度搜索
Sat, 30 May 2020 19:01:46-common.mainModule-conftest.py-[line:31]-INFO-[日志信息]: 关闭浏览器
