Sun, 09 Aug 2020 21:55:00-common.mainModule-Argprase.py-[line:25]-INFO-[日志信息]: args数据：prod
Sun, 09 Aug 2020 21:55:00-common.mainModule-Argprase.py-[line:26]-INFO-[日志信息]: args数据：Namespace(environment='prod', mark='jenkins')
Sun, 09 Aug 2020 21:55:00-common.mainModule-Argprase.py-[line:43]-INFO-[日志信息]: 获取到的site地址：http://101.132.187.31:9088
Sun, 09 Aug 2020 21:55:00-common.mainModule-TestSearch.py-[line:83]-INFO-[日志信息]: 获取到的mark数据：jenkins
Sun, 09 Aug 2020 21:55:00-common.mainModule-TestSearch.py-[line:86]-INFO-[日志信息]: 主程序中获取到的site地址：http://101.132.187.31:9088
Sun, 09 Aug 2020 21:55:00-common.mainModule-TestSearch.py-[line:87]-INFO-[日志信息]: 开始运行代码
Sun, 09 Aug 2020 21:55:06-common.mainModule-conftest.py-[line:27]-INFO-[日志信息]: 打开的网址是：http://101.132.187.31:9088
Sun, 09 Aug 2020 21:55:06-common.mainModule-conftest.py-[line:28]-INFO-[日志信息]: 初始化driver
Sun, 09 Aug 2020 21:55:06-common.mainModule-BasePage.py-[line:64]-INFO-[日志信息]: 等待元素：id,j_username
Sun, 09 Aug 2020 21:55:06-common.mainModule-BasePage.py-[line:91]-INFO-[日志信息]: 获取元素：id,j_username
Sun, 09 Aug 2020 21:55:06-common.mainModule-BasePage.py-[line:127]-INFO-[日志信息]: 向元素 id,j_username 输入文字：yangziling
Sun, 09 Aug 2020 21:55:06-common.mainModule-BasePage.py-[line:64]-INFO-[日志信息]: 等待元素：name,j_password
Sun, 09 Aug 2020 21:55:06-common.mainModule-BasePage.py-[line:91]-INFO-[日志信息]: 获取元素：name,j_password
Sun, 09 Aug 2020 21:55:06-common.mainModule-BasePage.py-[line:127]-INFO-[日志信息]: 向元素 name,j_password 输入文字：yangziling
Sun, 09 Aug 2020 21:55:06-common.mainModule-BasePage.py-[line:64]-INFO-[日志信息]: 等待元素：name,Submit
Sun, 09 Aug 2020 21:55:06-common.mainModule-BasePage.py-[line:91]-INFO-[日志信息]: 获取元素：name,Submit
Sun, 09 Aug 2020 21:55:07-common.mainModule-BasePage.py-[line:201]-INFO-[日志信息]: 点击元素：name,Submit
Sun, 09 Aug 2020 21:55:10-common.mainModule-conftest.py-[line:32]-INFO-[日志信息]: 关闭浏览器
Sun, 09 Aug 2020 21:55:15-common.mainModule-TestSearch.py-[line:98]-INFO-[日志信息]: 测试报告json文件初始化成功！
Sun, 09 Aug 2020 21:55:17-common.mainModule-ReportZip.py-[line:24]-INFO-[日志信息]: 执行打包程序
Sun, 09 Aug 2020 21:55:17-common.mainModule-ReportZip.py-[line:31]-INFO-[日志信息]: 压缩成功
Sun, 09 Aug 2020 21:55:17-common.mainModule-TestSearch.py-[line:106]-INFO-[日志信息]: del /f /q G:\202001-202012\pytest\Pytest_Auto_Test\report
Sun, 09 Aug 2020 21:55:17-common.mainModule-TestSearch.py-[line:108]-INFO-[日志信息]: 删除report下的json文件
